  base.cpp
c1xx : fatal  error C1083: Cannot open source file: '..\..\..\..\Downloads\CPT_S-122-PA9-main\base.cpp': No such file or directory
  cannon.cpp
c1xx : fatal  error C1083: Cannot open source file: '..\..\..\..\Downloads\CPT_S-122-PA9-main\cannon.cpp': No such file or directory
  cart.cpp
c1xx : fatal  error C1083: Cannot open source file: '..\..\..\..\Downloads\CPT_S-122-PA9-main\cart.cpp': No such file or directory
  elephant.cpp
c1xx : fatal  error C1083: Cannot open source file: '..\..\..\..\Downloads\CPT_S-122-PA9-main\elephant.cpp': No such file or directory
  grid.cpp
c1xx : fatal  error C1083: Cannot open source file: '..\..\..\..\Downloads\CPT_S-122-PA9-main\grid.cpp': No such file or directory
  guard.cpp
c1xx : fatal  error C1083: Cannot open source file: '..\..\..\..\Downloads\CPT_S-122-PA9-main\guard.cpp': No such file or directory
  horse.cpp
c1xx : fatal  error C1083: Cannot open source file: '..\..\..\..\Downloads\CPT_S-122-PA9-main\horse.cpp': No such file or directory
  king.cpp
c1xx : fatal  error C1083: Cannot open source file: '..\..\..\..\Downloads\CPT_S-122-PA9-main\king.cpp': No such file or directory
  main.cpp
c1xx : fatal  error C1083: Cannot open source file: '..\..\..\..\Downloads\CPT_S-122-PA9-main\main.cpp': No such file or directory
  menu.cpp
c1xx : fatal  error C1083: Cannot open source file: '..\..\..\..\Downloads\CPT_S-122-PA9-main\menu.cpp': No such file or directory
  pawn.cpp
c1xx : fatal  error C1083: Cannot open source file: '..\..\..\..\Downloads\CPT_S-122-PA9-main\pawn.cpp': No such file or directory
